Using pre-set license
Built from '2021.2/staging' branch; Version is '2021.2.17f1 (efb8f635e7b1) revision 15710454'; Using compiler version '192829333'; Build Type 'Release'
OS: 'Windows 10  (10.0.19044) 64bit Professional' Language: 'en' Physical Memory: 32712 MB
BatchMode: 1, IsHumanControllingUs: 0, StartBugReporterOnCrash: 0, Is64bit: 1, IsPro: 1

COMMAND LINE ARGUMENTS:
C:\Program Files\Unity\Hub\Editor\2021.2.17f1\Editor\Unity.exe
-adb2
-batchMode
-noUpm
-name
AssetImportWorker4
-projectPath
C:/Users/maxbo/Local Sites/IO-project-/My project
-logFile
Logs/AssetImportWorker4.log
-srvPort
60713
Successfully changed project path to: C:/Users/maxbo/Local Sites/IO-project-/My project
C:/Users/maxbo/Local Sites/IO-project-/My project
[UnityMemory] Configuration Parameters - Can be set up in boot.config
    "memorysetup-bucket-allocator-granularity=16"
    "memorysetup-bucket-allocator-bucket-count=8"
    "memorysetup-bucket-allocator-block-size=33554432"
    "memorysetup-bucket-allocator-block-count=8"
    "memorysetup-main-allocator-block-size=16777216"
    "memorysetup-thread-allocator-block-size=16777216"
    "memorysetup-gfx-main-allocator-block-size=16777216"
    "memorysetup-gfx-thread-allocator-block-size=16777216"
    "memorysetup-cache-allocator-block-size=4194304"
    "memorysetup-typetree-allocator-block-size=2097152"
    "memorysetup-profiler-bucket-allocator-granularity=16"
    "memorysetup-profiler-bucket-allocator-bucket-count=8"
    "memorysetup-profiler-bucket-allocator-block-size=33554432"
    "memorysetup-profiler-bucket-allocator-block-count=8"
    "memorysetup-profiler-allocator-block-size=16777216"
    "memorysetup-profiler-editor-allocator-block-size=1048576"
    "memorysetup-temp-allocator-size-main=16777216"
    "memorysetup-job-temp-allocator-block-size=2097152"
    "memorysetup-job-temp-allocator-block-size-background=1048576"
    "memorysetup-job-temp-allocator-reduction-small-platforms=262144"
    "memorysetup-temp-allocator-size-background-worker=32768"
    "memorysetup-temp-allocator-size-job-worker=262144"
    "memorysetup-temp-allocator-size-preload-manager=33554432"
    "memorysetup-temp-allocator-size-nav-mesh-worker=65536"
    "memorysetup-temp-allocator-size-audio-worker=65536"
    "memorysetup-temp-allocator-size-cloud-worker=32768"
    "memorysetup-temp-allocator-size-gi-baking-worker=262144"
    "memorysetup-temp-allocator-size-gfx=262144"
Refreshing native plugins compatible for Editor in 84.17 ms, found 14 plugins.
Preloading 1 native plugins for Editor in 1.02 ms.
Initialize engine version: 2021.2.17f1 (efb8f635e7b1)
[Subsystems] Discovering subsystems at path C:/Program Files/Unity/Hub/Editor/2021.2.17f1/Editor/Data/Resources/UnitySubsystems
[Subsystems] Discovering subsystems at path C:/Users/maxbo/Local Sites/IO-project-/My project/Assets
GfxDevice: creating device client; threaded=0; jobified=0
Direct3D:
    Version:  Direct3D 11.0 [level 11.1]
    Renderer: NVIDIA GeForce RTX 3070 (ID=0x2484)
    Vendor:   NVIDIA
    VRAM:     8043 MB
    Driver:   30.0.14.9709
Initialize mono
Mono path[0] = 'C:/Program Files/Unity/Hub/Editor/2021.2.17f1/Editor/Data/Managed'
Mono path[1] = 'C:/Program Files/Unity/Hub/Editor/2021.2.17f1/Editor/Data/MonoBleedingEdge/lib/mono/unityjit-win32'
Mono config path = 'C:/Program Files/Unity/Hub/Editor/2021.2.17f1/Editor/Data/MonoBleedingEdge/etc'
Using monoOptions --debugger-agent=transport=dt_socket,embedding=1,server=y,suspend=n,address=127.0.0.1:56056
Begin MonoManager ReloadAssembly
Registering precompiled unity dll's ...
Register platform support module: C:/Program Files/Unity/Hub/Editor/2021.2.17f1/Editor/Data/PlaybackEngines/WindowsStandaloneSupport/UnityEditor.WindowsStandalone.Extensions.dll
Registered in 0.005586 seconds.
Native extension for WindowsStandalone target not found
Refreshing native plugins compatible for Editor in 66.23 ms, found 14 plugins.
Preloading 1 native plugins for Editor in 0.07 ms.
Mono: successfully reloaded assembly
- Completed reload, in  0.483 seconds
Domain Reload Profiling:
	ReloadAssembly (484ms)
		BeginReloadAssembly (58ms)
			ExecutionOrderSort (0ms)
			DisableScriptedObjects (0ms)
			BackupInstance (0ms)
			ReleaseScriptingObjects (0ms)
			CreateAndSetChildDomain (1ms)
		EndReloadAssembly (343ms)
			LoadAssemblies (57ms)
			RebuildTransferFunctionScriptingTraits (0ms)
			SetupTypeCache (72ms)
			ReleaseScriptCaches (0ms)
			RebuildScriptCaches (19ms)
			SetupLoadedEditorAssemblies (210ms)
				LogAssemblyErrors (0ms)
				InitializePlatformSupportModulesInManaged (6ms)
				SetLoadedEditorAssemblies (0ms)
				RefreshPlugins (66ms)
				BeforeProcessingInitializeOnLoad (1ms)
				ProcessInitializeOnLoadAttributes (104ms)
				ProcessInitializeOnLoadMethodAttributes (33ms)
				AfterProcessingInitializeOnLoad (0ms)
				EditorAssembliesLoaded (0ms)
			ExecutionOrderSort2 (0ms)
			AwakeInstancesAfterBackupRestoration (0ms)
Platform modules already initialized, skipping
Registering precompiled user dll's ...
Registered in 0.008204 seconds.
Begin MonoManager ReloadAssembly
Symbol file LoadedFromMemory doesn't match image C:\Users\maxbo\Local Sites\IO-project-\My project\Library\PackageCache\com.unity.visualscripting@1.7.7\Editor\VisualScripting.Core\Dependencies\DotNetZip\Unity.VisualScripting.IonicZip.dll
Symbol file LoadedFromMemory doesn't match image C:\Users\maxbo\Local Sites\IO-project-\My project\Library\PackageCache\com.unity.visualscripting@1.7.7\Editor\VisualScripting.Core\Dependencies\YamlDotNet\Unity.VisualScripting.YamlDotNet.dll
Native extension for WindowsStandalone target not found
Refreshing native plugins compatible for Editor in 64.18 ms, found 14 plugins.
Preloading 1 native plugins for Editor in 0.07 ms.
Package Manager log level set to [2]
System.Reflection.TargetInvocationException: Exception has been thrown by the target of an invocation. ---> System.NullReferenceException: Object reference not set to an instance of an object
  at Unity.XR.Oculus.OculusLoader.AssetPathToAbsolutePath (System.String assetPath) [0x0003d] in C:\Users\maxbo\Local Sites\IO-project-\My project\Library\PackageCache\com.unity.xr.oculus@1.11.2\Runtime\OculusLoader.cs:250 
  at Unity.XR.Oculus.OculusLoader.EditorLoadOVRPlugin () [0x0007b] in C:\Users\maxbo\Local Sites\IO-project-\My project\Library\PackageCache\com.unity.xr.oculus@1.11.2\Runtime\OculusLoader.cs:235 
  at (wrapper managed-to-native) System.Reflection.RuntimeMethodInfo.InternalInvoke(System.Reflection.RuntimeMethodInfo,object,object[],System.Exception&)
  at System.Reflection.RuntimeMethodInfo.Invoke (System.Object obj, System.Reflection.BindingFlags invokeAttr, System.Reflection.Binder binder, System.Object[] parameters, System.Globalization.CultureInfo culture) [0x0006a] in <6073cf49ed704e958b8a66d540dea948>:0 
   --- End of inner exception stack trace ---
  at System.Reflection.RuntimeMethodInfo.Invoke (System.Object obj, System.Reflection.BindingFlags invokeAttr, System.Reflection.Binder binder, System.Object[] parameters, System.Globalization.CultureInfo culture) [0x00083] in <6073cf49ed704e958b8a66d540dea948>:0 
  at System.Reflection.MethodBase.Invoke (System.Object obj, System.Object[] parameters) [0x00000] in <6073cf49ed704e958b8a66d540dea948>:0 
  at UnityEditor.EditorAssemblies.ProcessInitializeOnLoadMethodAttributes () [0x000a5] in <86dcbaabb0ba406bb15eebecad12f7c0>:0 
UnityEngine.StackTraceUtility:ExtractStackTrace ()
UnityEngine.DebugLogHandler:LogFormat (UnityEngine.LogType,UnityEngine.Object,string,object[])
UnityEngine.Logger:Log (UnityEngine.LogType,object)
UnityEngine.Debug:LogError (object)
UnityEditor.EditorAssemblies:ProcessInitializeOnLoadMethodAttributes ()

Mono: successfully reloaded assembly
- Completed reload, in  0.889 seconds
Domain Reload Profiling:
	ReloadAssembly (890ms)
		BeginReloadAssembly (90ms)
			ExecutionOrderSort (0ms)
			DisableScriptedObjects (4ms)
			BackupInstance (0ms)
			ReleaseScriptingObjects (0ms)
			CreateAndSetChildDomain (18ms)
		EndReloadAssembly (715ms)
			LoadAssemblies (67ms)
			RebuildTransferFunctionScriptingTraits (0ms)
			SetupTypeCache (187ms)
			ReleaseScriptCaches (1ms)
			RebuildScriptCaches (39ms)
			SetupLoadedEditorAssemblies (390ms)
				LogAssemblyErrors (0ms)
				InitializePlatformSupportModulesInManaged (4ms)
				SetLoadedEditorAssemblies (0ms)
				RefreshPlugins (64ms)
				BeforeProcessingInitializeOnLoad (74ms)
				ProcessInitializeOnLoadAttributes (217ms)
				ProcessInitializeOnLoadMethodAttributes (25ms)
				AfterProcessingInitializeOnLoad (6ms)
				EditorAssembliesLoaded (0ms)
			ExecutionOrderSort2 (0ms)
			AwakeInstancesAfterBackupRestoration (4ms)
Platform modules already initialized, skipping
========================================================================
Worker process is ready to serve import requests
Launched and connected shader compiler UnityShaderCompiler.exe after 0.05 seconds
Refreshing native plugins compatible for Editor in 0.98 ms, found 14 plugins.
Preloading 1 native plugins for Editor in 0.07 ms.
Unloading 4025 Unused Serialized files (Serialized files now loaded: 0)
Unloading 46 unused Assets / (56.3 KB). Loaded Objects now: 4474.
Memory consumption went from 145.1 MB to 145.0 MB.
Total: 2.804600 ms (FindLiveObjects: 0.295300 ms CreateObjectMapping: 0.107100 ms MarkObjects: 2.336300 ms  DeleteObjects: 0.065000 ms)

AssetImportParameters requested are different than current active one (requested -> active):
  custom:video-decoder-ogg-theora: a1e56fd34408186e4bbccfd4996cb3dc -> 
  custom:container-muxer-webm: aa71ff27fc2769a1b78a27578f13a17b -> 
  custom:container-demuxer-webm: 4f35f7cbe854078d1ac9338744f61a02 -> 
  custom:video-encoder-webm-vp8: eb34c28f22e8b96e1ab97ce403110664 -> 
  custom:audio-encoder-webm-vorbis: bf7c407c2cedff20999df2af8eb42d56 -> 
  custom:framework-win-MediaFoundation: 216162199b28c13a410421893ffa2e32 -> 
  custom:container-demuxer-ogg: 62fdf1f143b41e24485cea50d1cbac27 -> 
  custom:video-decoder-webm-vp8: 9c59270c3fd7afecdb556c50c9e8de78 -> 
  custom:audio-decoder-ogg-vorbis: bf7c407c2cedff20999df2af8eb42d56 -> 
========================================================================
Received Import Request.
  Time since last request: 46974.535373 seconds.
  path: Assets/Asset  Store
  artifactKey: Guid(763afb52ea52db44689344082b85690a) Importer(815301076,1909f56bfc062723c751e8b465ee728b)
Start importing Assets/Asset  Store using Guid(763afb52ea52db44689344082b85690a) Importer(815301076,1909f56bfc062723c751e8b465ee728b)  -> (artifact id: 'dbf22753ec6537b09d056d52c4836514') in 0.013404 seconds 
========================================================================
Received Import Request.
  Time since last request: 2.859781 seconds.
  path: Assets
  artifactKey: Guid(00000000000000001000000000000000) Importer(815301076,1909f56bfc062723c751e8b465ee728b)
Start importing Assets using Guid(00000000000000001000000000000000) Importer(815301076,1909f56bfc062723c751e8b465ee728b)  -> (artifact id: '79842766b460edbeab6a34051e857a80') in 0.006704 seconds 
========================================================================
Received Import Request.
  Time since last request: 5.300292 seconds.
  path: Assets/Sounds
  artifactKey: Guid(65992d9643a127e4494482f3e058fd34) Importer(815301076,1909f56bfc062723c751e8b465ee728b)
Start importing Assets/Sounds using Guid(65992d9643a127e4494482f3e058fd34) Importer(815301076,1909f56bfc062723c751e8b465ee728b)  -> (artifact id: 'c47505779bc1541ddbbe92c9a3c805be') in 0.005780 seconds 
========================================================================
Received Import Request.
  Time since last request: 29.221049 seconds.
  path: Assets/SteamVR/InteractionSystem/Longbow/Sounds/ArrowAir09.wav
  artifactKey: Guid(62bdcbc5f3d6b3f43844cc7b849f0448) Importer(815301076,1909f56bfc062723c751e8b465ee728b)
Start importing Assets/SteamVR/InteractionSystem/Longbow/Sounds/ArrowAir09.wav using Guid(62bdcbc5f3d6b3f43844cc7b849f0448) Importer(815301076,1909f56bfc062723c751e8b465ee728b)  -> (artifact id: 'd43f0de3f4b2cd2e7b4cb34ec0dde74f') in 0.109251 seconds 
========================================================================
Received Import Request.
  Time since last request: 0.495791 seconds.
  path: Assets/SteamVR/InteractionSystem/Longbow/Sounds/ArrowFallGround02.wav
  artifactKey: Guid(46bb1e3e014c28740ae8c96427da5270) Importer(815301076,1909f56bfc062723c751e8b465ee728b)
Start importing Assets/SteamVR/InteractionSystem/Longbow/Sounds/ArrowFallGround02.wav using Guid(46bb1e3e014c28740ae8c96427da5270) Importer(815301076,1909f56bfc062723c751e8b465ee728b)  -> (artifact id: '227208df1e954f9d923ba5c6d97f2506') in 0.017386 seconds 
========================================================================
Received Import Request.
  Time since last request: 0.011057 seconds.
  path: Assets/SteamVR/InteractionSystem/Longbow/Sounds/ArrowFallGround04.wav
  artifactKey: Guid(cb0cd73b74d6f884bab13a472f547100) Importer(815301076,1909f56bfc062723c751e8b465ee728b)
Start importing Assets/SteamVR/InteractionSystem/Longbow/Sounds/ArrowFallGround04.wav using Guid(cb0cd73b74d6f884bab13a472f547100) Importer(815301076,1909f56bfc062723c751e8b465ee728b)  -> (artifact id: 'dee06c7533cab51f321f91a2d89b41a7') in 0.012464 seconds 
========================================================================
Received Import Request.
  Time since last request: 0.047910 seconds.
  path: Assets/SteamVR/InteractionSystem/Longbow/Sounds/ArrowFallGround06.wav
  artifactKey: Guid(9ad392a45efa3b14bbcc169371974cd7) Importer(815301076,1909f56bfc062723c751e8b465ee728b)
Start importing Assets/SteamVR/InteractionSystem/Longbow/Sounds/ArrowFallGround06.wav using Guid(9ad392a45efa3b14bbcc169371974cd7) Importer(815301076,1909f56bfc062723c751e8b465ee728b)  -> (artifact id: '8f0ea95da08db67823048a36ce2b9d42') in 0.019344 seconds 
========================================================================
Received Import Request.
  Time since last request: 11.553596 seconds.
  path: Assets/SteamVR/InteractionSystem/Longbow/Sounds/ArrowFireLoop01.wav
  artifactKey: Guid(3eefe61359ea80b469796e4eebb3c81b) Importer(815301076,1909f56bfc062723c751e8b465ee728b)
Start importing Assets/SteamVR/InteractionSystem/Longbow/Sounds/ArrowFireLoop01.wav using Guid(3eefe61359ea80b469796e4eebb3c81b) Importer(815301076,1909f56bfc062723c751e8b465ee728b)  -> (artifact id: '3036ba4be975c8e789571328f95f69eb') in 0.013767 seconds 
========================================================================
Received Import Request.
  Time since last request: 0.051195 seconds.
  path: Assets/SteamVR/InteractionSystem/Longbow/Sounds/ArrowHit02.wav
  artifactKey: Guid(0e220b97baa73db4fab6fba879e1b024) Importer(815301076,1909f56bfc062723c751e8b465ee728b)
Start importing Assets/SteamVR/InteractionSystem/Longbow/Sounds/ArrowHit02.wav using Guid(0e220b97baa73db4fab6fba879e1b024) Importer(815301076,1909f56bfc062723c751e8b465ee728b)  -> (artifact id: '05a18e02d52f1de9e723ef17035e2d38') in 0.012543 seconds 
========================================================================
Received Import Request.
  Time since last request: 0.337397 seconds.
  path: Assets/SteamVR/InteractionSystem/Longbow/Sounds/ArrowHit04.wav
  artifactKey: Guid(cef9a0102c9fe0c4fad4ebcf9ec72a45) Importer(815301076,1909f56bfc062723c751e8b465ee728b)
Start importing Assets/SteamVR/InteractionSystem/Longbow/Sounds/ArrowHit04.wav using Guid(cef9a0102c9fe0c4fad4ebcf9ec72a45) Importer(815301076,1909f56bfc062723c751e8b465ee728b)  -> (artifact id: 'ddb91c63e92381af250e89999f81c655') in 0.012918 seconds 
========================================================================
Received Import Request.
  Time since last request: 0.010675 seconds.
  path: Assets/SteamVR/InteractionSystem/Longbow/Sounds/ArrowHit06.wav
  artifactKey: Guid(6e984feb46a04284e8c6ce4ebfd791d0) Importer(815301076,1909f56bfc062723c751e8b465ee728b)
Start importing Assets/SteamVR/InteractionSystem/Longbow/Sounds/ArrowHit06.wav using Guid(6e984feb46a04284e8c6ce4ebfd791d0) Importer(815301076,1909f56bfc062723c751e8b465ee728b)  -> (artifact id: 'e218041ccab73563cbe99a99abc32491') in 0.013601 seconds 
========================================================================
Received Import Request.
  Time since last request: 0.012556 seconds.
  path: Assets/SteamVR/InteractionSystem/Longbow/Sounds/ArrowLaunchFire01.wav
  artifactKey: Guid(4bb527c4eb5b08c44b8d24a14a6ab3ce) Importer(815301076,1909f56bfc062723c751e8b465ee728b)
Start importing Assets/SteamVR/InteractionSystem/Longbow/Sounds/ArrowLaunchFire01.wav using Guid(4bb527c4eb5b08c44b8d24a14a6ab3ce) Importer(815301076,1909f56bfc062723c751e8b465ee728b)  -> (artifact id: '156ca22ca1cb4714517ccfe35b046f63') in 0.013010 seconds 
========================================================================
Received Import Request.
  Time since last request: 0.010303 seconds.
  path: Assets/SteamVR/InteractionSystem/Longbow/Sounds/ArrowLaunchFire03.wav
  artifactKey: Guid(63bf984cc50332446bc0517a4813d447) Importer(815301076,1909f56bfc062723c751e8b465ee728b)
Start importing Assets/SteamVR/InteractionSystem/Longbow/Sounds/ArrowLaunchFire03.wav using Guid(63bf984cc50332446bc0517a4813d447) Importer(815301076,1909f56bfc062723c751e8b465ee728b)  -> (artifact id: '3b841a51849eec06f2c3a246bd56a628') in 0.012374 seconds 
========================================================================
Received Import Request.
  Time since last request: 6.983061 seconds.
  path: Assets/SteamVR/InteractionSystem/Longbow/Sounds/ArrowLaunchFire05.wav
  artifactKey: Guid(652445d40bda96847993b3a366b80b34) Importer(815301076,1909f56bfc062723c751e8b465ee728b)
Start importing Assets/SteamVR/InteractionSystem/Longbow/Sounds/ArrowLaunchFire05.wav using Guid(652445d40bda96847993b3a366b80b34) Importer(815301076,1909f56bfc062723c751e8b465ee728b)  -> (artifact id: '04232fc1b9776691ed758f9cade2f6a6') in 0.017820 seconds 
========================================================================
Received Import Request.
  Time since last request: 0.000020 seconds.
  path: Assets/SteamVR/InteractionSystem/Longbow/Sounds/ArrowSpawn07.wav
  artifactKey: Guid(ebf848d63ce32d047a0acbc338e35371) Importer(815301076,1909f56bfc062723c751e8b465ee728b)
Start importing Assets/SteamVR/InteractionSystem/Longbow/Sounds/ArrowSpawn07.wav using Guid(ebf848d63ce32d047a0acbc338e35371) Importer(815301076,1909f56bfc062723c751e8b465ee728b)  -> (artifact id: '6938e377462371a46b327ff89c54ab38') in 0.020699 seconds 
========================================================================
Received Import Request.
  Time since last request: 0.000023 seconds.
  path: Assets/SteamVR/InteractionSystem/Longbow/Sounds/ArrowNock08.wav
  artifactKey: Guid(6ad90a1b9664a154592fabedc7cef551) Importer(815301076,1909f56bfc062723c751e8b465ee728b)
Start importing Assets/SteamVR/InteractionSystem/Longbow/Sounds/ArrowNock08.wav using Guid(6ad90a1b9664a154592fabedc7cef551) Importer(815301076,1909f56bfc062723c751e8b465ee728b)  -> (artifact id: 'b9b88c7eb1a069d7082234929cca8769') in 0.013771 seconds 
========================================================================
Received Import Request.
  Time since last request: 0.000038 seconds.
  path: Assets/SteamVR/InteractionSystem/Longbow/Sounds/BalloonPop02.wav
  artifactKey: Guid(0d1c592fd11196848aa69fc91bca521e) Importer(815301076,1909f56bfc062723c751e8b465ee728b)
Start importing Assets/SteamVR/InteractionSystem/Longbow/Sounds/BalloonPop02.wav using Guid(0d1c592fd11196848aa69fc91bca521e) Importer(815301076,1909f56bfc062723c751e8b465ee728b)  -> (artifact id: '5623b7aecc52a020bd639234df17fdd4') in 0.015408 seconds 
========================================================================
Received Import Request.
  Time since last request: 0.000022 seconds.
  path: Assets/SteamVR/InteractionSystem/Longbow/Sounds/BalloonBounce05.wav
  artifactKey: Guid(7ae8d8155c5f0df4b8948d4fa4fb14c5) Importer(815301076,1909f56bfc062723c751e8b465ee728b)
Start importing Assets/SteamVR/InteractionSystem/Longbow/Sounds/BalloonBounce05.wav using Guid(7ae8d8155c5f0df4b8948d4fa4fb14c5) Importer(815301076,1909f56bfc062723c751e8b465ee728b)  -> (artifact id: '9673352f456c59f62f049c7db5b066ed') in 0.013989 seconds 
========================================================================
Received Import Request.
  Time since last request: 0.000020 seconds.
  path: Assets/SteamVR/InteractionSystem/Longbow/Sounds/ArrowNock06.wav
  artifactKey: Guid(dd90b53139ec2fb4697f0cf3dceac679) Importer(815301076,1909f56bfc062723c751e8b465ee728b)
Start importing Assets/SteamVR/InteractionSystem/Longbow/Sounds/ArrowNock06.wav using Guid(dd90b53139ec2fb4697f0cf3dceac679) Importer(815301076,1909f56bfc062723c751e8b465ee728b)  -> (artifact id: '63ea5479a0893fdd816996a9128f982f') in 0.015900 seconds 
========================================================================
Received Import Request.
  Time since last request: 0.000016 seconds.
  path: Assets/SteamVR/InteractionSystem/Longbow/Sounds/ArrowLaunchFire10.wav
  artifactKey: Guid(07052560d042e0e4ba61076ebb2e1b94) Importer(815301076,1909f56bfc062723c751e8b465ee728b)
Start importing Assets/SteamVR/InteractionSystem/Longbow/Sounds/ArrowLaunchFire10.wav using Guid(07052560d042e0e4ba61076ebb2e1b94) Importer(815301076,1909f56bfc062723c751e8b465ee728b)  -> (artifact id: '17efe56cc6e7df6e05c5c10b48dec02d') in 0.014758 seconds 
========================================================================
Received Import Request.
  Time since last request: 0.000016 seconds.
  path: Assets/SteamVR/InteractionSystem/Longbow/Sounds/ArrowSpawn04.wav
  artifactKey: Guid(ca0f976ff76b04644a1332f3be4f344b) Importer(815301076,1909f56bfc062723c751e8b465ee728b)
Start importing Assets/SteamVR/InteractionSystem/Longbow/Sounds/ArrowSpawn04.wav using Guid(ca0f976ff76b04644a1332f3be4f344b) Importer(815301076,1909f56bfc062723c751e8b465ee728b)  -> (artifact id: 'caeea6ef36aaf4cbc6eeb6d83cb88ae4') in 0.013410 seconds 
========================================================================
Received Import Request.
  Time since last request: 0.000020 seconds.
  path: Assets/SteamVR/InteractionSystem/Longbow/Sounds/ArrowNock15.wav
  artifactKey: Guid(f6870f0d62f5a624aabbd4e3e7bff65f) Importer(815301076,1909f56bfc062723c751e8b465ee728b)
Start importing Assets/SteamVR/InteractionSystem/Longbow/Sounds/ArrowNock15.wav using Guid(f6870f0d62f5a624aabbd4e3e7bff65f) Importer(815301076,1909f56bfc062723c751e8b465ee728b)  -> (artifact id: '511ba7dc106f57c1a4204b992a3a5d0f') in 0.013737 seconds 
========================================================================
Received Import Request.
  Time since last request: 0.000018 seconds.
  path: Assets/SteamVR/InteractionSystem/Longbow/Sounds/ArrowNock02.wav
  artifactKey: Guid(dde0cb3ddafcf014a8c42e805de893e8) Importer(815301076,1909f56bfc062723c751e8b465ee728b)
Start importing Assets/SteamVR/InteractionSystem/Longbow/Sounds/ArrowNock02.wav using Guid(dde0cb3ddafcf014a8c42e805de893e8) Importer(815301076,1909f56bfc062723c751e8b465ee728b)  -> (artifact id: 'e5669d9588f2865293375ef930abe0ed') in 0.014310 seconds 
========================================================================
Received Import Request.
  Time since last request: 0.000016 seconds.
  path: Assets/SteamVR/InteractionSystem/Longbow/Sounds/ArrowLaunchFire08.wav
  artifactKey: Guid(a24f92749a872c94d993c87f9ad3a53e) Importer(815301076,1909f56bfc062723c751e8b465ee728b)
Start importing Assets/SteamVR/InteractionSystem/Longbow/Sounds/ArrowLaunchFire08.wav using Guid(a24f92749a872c94d993c87f9ad3a53e) Importer(815301076,1909f56bfc062723c751e8b465ee728b)  -> (artifact id: 'a211f774c87f1d1675317bb58c3760c8') in 0.015520 seconds 
========================================================================
Received Import Request.
  Time since last request: 0.000019 seconds.
  path: Assets/SteamVR/InteractionSystem/Longbow/Sounds/ArrowNock09.wav
  artifactKey: Guid(8f094810949516a41a720a40a87d29cc) Importer(815301076,1909f56bfc062723c751e8b465ee728b)
Start importing Assets/SteamVR/InteractionSystem/Longbow/Sounds/ArrowNock09.wav using Guid(8f094810949516a41a720a40a87d29cc) Importer(815301076,1909f56bfc062723c751e8b465ee728b)  -> (artifact id: '94834dc6d06beec8b96279df006497c7') in 0.014842 seconds 
========================================================================
Received Import Request.
  Time since last request: 0.000017 seconds.
  path: Assets/SteamVR/InteractionSystem/Longbow/Sounds/ArrowSpawn06.wav
  artifactKey: Guid(c0a7e5755749589449042302049a9748) Importer(815301076,1909f56bfc062723c751e8b465ee728b)
Start importing Assets/SteamVR/InteractionSystem/Longbow/Sounds/ArrowSpawn06.wav using Guid(c0a7e5755749589449042302049a9748) Importer(815301076,1909f56bfc062723c751e8b465ee728b)  -> (artifact id: 'e1f189202daedcc97455eac329c36400') in 0.014188 seconds 
========================================================================
Received Import Request.
  Time since last request: 0.000019 seconds.
  path: Assets/SteamVR/InteractionSystem/Longbow/Sounds/ArrowRelease05.wav
  artifactKey: Guid(0e4ff6f209abadf45b1c2403b1382cdf) Importer(815301076,1909f56bfc062723c751e8b465ee728b)
Start importing Assets/SteamVR/InteractionSystem/Longbow/Sounds/ArrowRelease05.wav using Guid(0e4ff6f209abadf45b1c2403b1382cdf) Importer(815301076,1909f56bfc062723c751e8b465ee728b)  -> (artifact id: '0d295954c1a71269db1011ea496d6143') in 0.015337 seconds 
========================================================================
Received Import Request.
  Time since last request: 0.000019 seconds.
  path: Assets/SteamVR/InteractionSystem/Longbow/Sounds/BalloonBounce02.wav
  artifactKey: Guid(2ec0e14254efe4040b7ae3a0da46d5a6) Importer(815301076,1909f56bfc062723c751e8b465ee728b)
Start importing Assets/SteamVR/InteractionSystem/Longbow/Sounds/BalloonBounce02.wav using Guid(2ec0e14254efe4040b7ae3a0da46d5a6) Importer(815301076,1909f56bfc062723c751e8b465ee728b)  -> (artifact id: 'ecd9f4e170278a9b1d820dd2b7b88a40') in 0.015032 seconds 
========================================================================
Received Import Request.
  Time since last request: 0.000024 seconds.
  path: Assets/SteamVR/InteractionSystem/Longbow/Sounds/ArrowNock03.wav
  artifactKey: Guid(36f326ccef0fe5546befe26be5ba337f) Importer(815301076,1909f56bfc062723c751e8b465ee728b)
Start importing Assets/SteamVR/InteractionSystem/Longbow/Sounds/ArrowNock03.wav using Guid(36f326ccef0fe5546befe26be5ba337f) Importer(815301076,1909f56bfc062723c751e8b465ee728b)  -> (artifact id: '2cf82fbbd67e71ce89bc64280cec48d3') in 0.014885 seconds 
========================================================================
Received Import Request.
  Time since last request: 0.000019 seconds.
  path: Assets/SteamVR/InteractionSystem/Longbow/Sounds/ArrowRelease02.wav
  artifactKey: Guid(f9d368eac27f70740bed52d36e0070d8) Importer(815301076,1909f56bfc062723c751e8b465ee728b)
Start importing Assets/SteamVR/InteractionSystem/Longbow/Sounds/ArrowRelease02.wav using Guid(f9d368eac27f70740bed52d36e0070d8) Importer(815301076,1909f56bfc062723c751e8b465ee728b)  -> (artifact id: '35fb9c31a1c0660250302f43e3cd6e8c') in 0.015309 seconds 
========================================================================
Received Import Request.
  Time since last request: 0.000017 seconds.
  path: Assets/SteamVR/InteractionSystem/Longbow/Sounds/ArrowNock11.wav
  artifactKey: Guid(4fee3982c922af44babfca8a11dffaca) Importer(815301076,1909f56bfc062723c751e8b465ee728b)
Start importing Assets/SteamVR/InteractionSystem/Longbow/Sounds/ArrowNock11.wav using Guid(4fee3982c922af44babfca8a11dffaca) Importer(815301076,1909f56bfc062723c751e8b465ee728b)  -> (artifact id: '84e2594e770eabd026dafb9484a2147a') in 0.016605 seconds 
========================================================================
Received Import Request.
  Time since last request: 0.000018 seconds.
  path: Assets/SteamVR/InteractionSystem/Longbow/Sounds/ArrowNock10.wav
  artifactKey: Guid(37b6eb5cae1aaba4086f32bccf0cb47f) Importer(815301076,1909f56bfc062723c751e8b465ee728b)
Start importing Assets/SteamVR/InteractionSystem/Longbow/Sounds/ArrowNock10.wav using Guid(37b6eb5cae1aaba4086f32bccf0cb47f) Importer(815301076,1909f56bfc062723c751e8b465ee728b)  -> (artifact id: '4e8013c72ad9f0a0c99da3cc2362485a') in 0.018180 seconds 
========================================================================
Received Import Request.
  Time since last request: 0.000019 seconds.
  path: Assets/SteamVR/InteractionSystem/Longbow/Sounds/ArrowSpawn02.wav
  artifactKey: Guid(6fdc84052ddcc024c9c9bafadc8c591e) Importer(815301076,1909f56bfc062723c751e8b465ee728b)
Start importing Assets/SteamVR/InteractionSystem/Longbow/Sounds/ArrowSpawn02.wav using Guid(6fdc84052ddcc024c9c9bafadc8c591e) Importer(815301076,1909f56bfc062723c751e8b465ee728b)  -> (artifact id: '964cb2fa9a168c2b19a0456ba1098c9e') in 0.018117 seconds 
========================================================================
Received Import Request.
  Time since last request: 0.000021 seconds.
  path: Assets/SteamVR/InteractionSystem/Longbow/Sounds/BalloonPop03.wav
  artifactKey: Guid(18ca642fc8ed05d4c8c6063b48440d0b) Importer(815301076,1909f56bfc062723c751e8b465ee728b)
Start importing Assets/SteamVR/InteractionSystem/Longbow/Sounds/BalloonPop03.wav using Guid(18ca642fc8ed05d4c8c6063b48440d0b) Importer(815301076,1909f56bfc062723c751e8b465ee728b)  -> (artifact id: 'bbb716a5c919b0d3cf13c89aa98d7272') in 0.015972 seconds 
========================================================================
Received Import Request.
  Time since last request: 0.000020 seconds.
  path: Assets/SteamVR/InteractionSystem/Longbow/Sounds/BalloonBounce07.wav
  artifactKey: Guid(891b9c1d17e50204a85ebdf71b6670f5) Importer(815301076,1909f56bfc062723c751e8b465ee728b)
Start importing Assets/SteamVR/InteractionSystem/Longbow/Sounds/BalloonBounce07.wav using Guid(891b9c1d17e50204a85ebdf71b6670f5) Importer(815301076,1909f56bfc062723c751e8b465ee728b)  -> (artifact id: '7ec85d89d3979c42a623fb2c68b87a1c') in 0.017247 seconds 
========================================================================
Received Import Request.
  Time since last request: 0.000022 seconds.
  path: Assets/SteamVR/InteractionSystem/Longbow/Sounds/ArrowRelease06.wav
  artifactKey: Guid(0e1c54b10ce72f640a29eecbfced2363) Importer(815301076,1909f56bfc062723c751e8b465ee728b)
Start importing Assets/SteamVR/InteractionSystem/Longbow/Sounds/ArrowRelease06.wav using Guid(0e1c54b10ce72f640a29eecbfced2363) Importer(815301076,1909f56bfc062723c751e8b465ee728b)  -> (artifact id: 'ae3f2f67c411d92386aa426e8f961e29') in 0.015356 seconds 
========================================================================
Received Import Request.
  Time since last request: 0.000016 seconds.
  path: Assets/SteamVR/InteractionSystem/Longbow/Sounds/ArrowSpawn01.wav
  artifactKey: Guid(f7c5046ea350a2c4b898e99dbca46c22) Importer(815301076,1909f56bfc062723c751e8b465ee728b)
Start importing Assets/SteamVR/InteractionSystem/Longbow/Sounds/ArrowSpawn01.wav using Guid(f7c5046ea350a2c4b898e99dbca46c22) Importer(815301076,1909f56bfc062723c751e8b465ee728b)  -> (artifact id: 'cff587967051d597939f989c5e5d89b0') in 0.014326 seconds 
========================================================================
Received Import Request.
  Time since last request: 0.000021 seconds.
  path: Assets/SteamVR/InteractionSystem/Longbow/Sounds/BalloonPop01.wav
  artifactKey: Guid(fdcbdcd5e7d71594bb123666b2bcb779) Importer(815301076,1909f56bfc062723c751e8b465ee728b)
Start importing Assets/SteamVR/InteractionSystem/Longbow/Sounds/BalloonPop01.wav using Guid(fdcbdcd5e7d71594bb123666b2bcb779) Importer(815301076,1909f56bfc062723c751e8b465ee728b)  -> (artifact id: 'f9814fbf855e6e501da49df8e83443ac') in 0.014961 seconds 
========================================================================
Received Import Request.
  Time since last request: 0.000027 seconds.
  path: Assets/SteamVR/InteractionSystem/Longbow/Sounds/ArrowNock07.wav
  artifactKey: Guid(0d18ca862d5d9b743b42348751798528) Importer(815301076,1909f56bfc062723c751e8b465ee728b)
Start importing Assets/SteamVR/InteractionSystem/Longbow/Sounds/ArrowNock07.wav using Guid(0d18ca862d5d9b743b42348751798528) Importer(815301076,1909f56bfc062723c751e8b465ee728b)  -> (artifact id: '2bc28da616e363d4f621ff5be6183d12') in 0.013467 seconds 
========================================================================
Received Import Request.
  Time since last request: 9.510143 seconds.
  path: Assets/Sounds/Vine Boom Sound Effect (Longer Verison For Real).mp3
  artifactKey: Guid(f8fd62b559c4bfa4c8ffc35078931a46) Importer(815301076,1909f56bfc062723c751e8b465ee728b)
Start importing Assets/Sounds/Vine Boom Sound Effect (Longer Verison For Real).mp3 using Guid(f8fd62b559c4bfa4c8ffc35078931a46) Importer(815301076,1909f56bfc062723c751e8b465ee728b)  -> (artifact id: '43315681624a37a21b2f29be6225efaa') in 0.006187 seconds 
